#
# There is insufficient memory for the Java Runtime Environment to continue.
# Native memory allocation (mmap) failed to map 132120576 bytes for Failed to commit area from 0x0000000083400000 to 0x000000008b200000 of length 132120576.
# Possible reasons:
#   The system is out of physical RAM or swap space
#   The process is running with CompressedOops enabled, and the Java Heap may be blocking the growth of the native heap
# Possible solutions:
#   Reduce memory load on the system
#   Increase physical memory or swap space
#   Check if swap backing store is full
#   Decrease Java heap size (-Xmx/-Xms)
#   Decrease number of Java threads
#   Decrease Java thread stack sizes (-Xss)
#   Set larger code cache with -XX:ReservedCodeCacheSize=
# This output file may be truncated or incomplete.
#
#  Out of Memory Error (./open/src/hotspot/os/windows/os_windows.cpp:3271), pid=2072, tid=8512
#
# JRE version:  (11.0.7+8) (build )
# Java VM: Java HotSpot(TM) 64-Bit Server VM (11.0.7+8-LTS, mixed mode, sharing, tiered, compressed oops, g1 gc, windows-amd64)
# No core dump will be written. Minidumps are not enabled by default on client versions of Windows
#

---------------  S U M M A R Y ------------

Command Line: -Dmaven.multiModuleProjectDirectory=C:\fax\master\1. semestar\Upravljanje poslovnim procesima\LiterarySociety_UPP\Backend -Dmaven.home=C:\Program Files\inteliji\IntelliJ IDEA 2019.3.4\plugins\maven\lib\maven3 -Dclassworlds.conf=C:\Program Files\inteliji\IntelliJ IDEA 2019.3.4\plugins\maven\lib\maven3\bin\m2.conf -Dmaven.ext.class.path=C:\Program Files\inteliji\IntelliJ IDEA 2019.3.4\plugins\maven\lib\maven-event-listener.jar -javaagent:C:\Program Files\inteliji\IntelliJ IDEA 2019.3.4\lib\idea_rt.jar=56765:C:\Program Files\inteliji\IntelliJ IDEA 2019.3.4\bin -Dfile.encoding=UTF-8 org.codehaus.classworlds.Launcher -Didea.version2019.3.4 clean

Host: Intel(R) Core(TM) i5-10210U CPU @ 1.60GHz, 8 cores, 7G,  Windows 10 , 64 bit Build 18362 (10.0.18362.1110)
Time: Tue Dec 15 17:44:55 2020 Central Europe Standard Time elapsed time: 0 seconds (0d 0h 0m 0s)

---------------  T H R E A D  ---------------

Current thread (0x00000198609ee000):  JavaThread "Unknown thread" [_thread_in_vm, id=8512, stack(0x000000201ea00000,0x000000201eb00000)]

Stack: [0x000000201ea00000,0x000000201eb00000]
Native frames: (J=compiled Java code, j=interpreted, Vv=VM code, C=native code)
V  [jvm.dll+0x661a7a]
V  [jvm.dll+0x7a1b2f]
V  [jvm.dll+0x7a31d5]
V  [jvm.dll+0x7a3843]
V  [jvm.dll+0x25f1a8]
V  [jvm.dll+0x65ee8a]
V  [jvm.dll+0x653865]
V  [jvm.dll+0x316adc]
V  [jvm.dll+0x316962]
V  [jvm.dll+0x31c1d6]
V  [jvm.dll+0x3688af]
V  [jvm.dll+0x3682d0]
V  [jvm.dll+0x2f3888]
V  [jvm.dll+0x2f49e6]
V  [jvm.dll+0x77ac57]
V  [jvm.dll+0x77c52f]
V  [jvm.dll+0x3755a9]
V  [jvm.dll+0x75fe6e]
V  [jvm.dll+0x3e5b7d]
V  [jvm.dll+0x3e8091]
C  [java.exe+0x3607]
C  [java.exe+0x178dc]
C  [KERNEL32.DLL+0x17c24]
C  [ntdll.dll+0x6d4d1]


---------------  P R O C E S S  ---------------

Threads class SMR info:
_java_thread_list=0x000001985e8a3f50, length=0, elements={
}

Java Threads: ( => current thread )

Other Threads:
  0x0000019860a06800 GCTaskThread "GC Thread#0" [stack: 0x000000201eb00000,0x000000201ec00000] [id=17656]
  0x0000019860a50800 ConcurrentGCThread "G1 Main Marker" [stack: 0x000000201ec00000,0x000000201ed00000] [id=7276]
  0x0000019860a51800 ConcurrentGCThread "G1 Conc#0" [stack: 0x000000201ed00000,0x000000201ee00000] [id=17680]

[error occurred during error reporting (printing all threads), id 0xc0000005, EXCEPTION_ACCESS_VIOLATION (0xc0000005) at pc=0x00007ff827972047]

VM state:not at safepoint (not fully initialized)

VM Mutex/Monitor currently owned by a thread:  ([mutex/lock_event])
[0x00000198609eb8c0] Heap_lock - owner thread: 0x00000198609ee000

Heap address: 0x0000000083400000, size: 1996 MB, Compressed Oops mode: Non-zero based: 0x0000000083400000
Narrow klass base: 0x0000000000000000, Narrow klass shift: 0

GC Heap History (0 events):
No events

Deoptimization events (0 events):
No events

Classes redefined (0 events):
No events

Internal exceptions (0 events):
No events

Events (0 events):
No events


Dynamic libraries:
0x00007ff671bc0000 - 0x00007ff671c07000 	C:\Program Files\Java\jdk-11.0.7\bin\java.exe
0x00007ff86dae0000 - 0x00007ff86dcd0000 	C:\Windows\SYSTEM32\ntdll.dll
0x00007ff86c060000 - 0x00007ff86c112000 	C:\Windows\System32\KERNEL32.DLL
0x00007ff86b3d0000 - 0x00007ff86b675000 	C:\Windows\System32\KERNELBASE.dll
0x00007ff86c860000 - 0x00007ff86c903000 	C:\Windows\System32\ADVAPI32.dll
0x00007ff86bf90000 - 0x00007ff86c02e000 	C:\Windows\System32\msvcrt.dll
0x00007ff86d110000 - 0x00007ff86d1a7000 	C:\Windows\System32\sechost.dll
0x00007ff86cfe0000 - 0x00007ff86d100000 	C:\Windows\System32\RPCRT4.dll
0x00007ff86bcb0000 - 0x00007ff86be44000 	C:\Windows\System32\USER32.dll
0x00007ff86aa80000 - 0x00007ff86aaa1000 	C:\Windows\System32\win32u.dll
0x00007ff86c120000 - 0x00007ff86c146000 	C:\Windows\System32\GDI32.dll
0x00007ff86b830000 - 0x00007ff86b9c6000 	C:\Windows\System32\gdi32full.dll
0x00007ff86baf0000 - 0x00007ff86bb8e000 	C:\Windows\System32\msvcp_win.dll
0x00007ff86b2d0000 - 0x00007ff86b3ca000 	C:\Windows\System32\ucrtbase.dll
0x00007ff84b9e0000 - 0x00007ff84bc64000 	C:\Windows\WinSxS\amd64_microsoft.windows.common-controls_6595b64144ccf1df_6.0.18362.1256_none_9e7e379be45e40e2\COMCTL32.dll
0x00007ff85ed70000 - 0x00007ff85ed7a000 	C:\Windows\SYSTEM32\VERSION.dll
0x00007ff86c310000 - 0x00007ff86c646000 	C:\Windows\System32\combase.dll
0x00007ff86b240000 - 0x00007ff86b2c1000 	C:\Windows\System32\bcryptPrimitives.dll
0x00007ff86cfb0000 - 0x00007ff86cfde000 	C:\Windows\System32\IMM32.DLL
0x00007ff861d30000 - 0x00007ff861d46000 	C:\Program Files\Java\jdk-11.0.7\bin\vcruntime140.dll
0x00007ff8349d0000 - 0x00007ff834a7a000 	C:\Program Files\Java\jdk-11.0.7\bin\msvcp140.dll
0x00007ff827670000 - 0x00007ff8281d1000 	C:\Program Files\Java\jdk-11.0.7\bin\server\jvm.dll
0x00007ff86d100000 - 0x00007ff86d108000 	C:\Windows\System32\PSAPI.DLL
0x00007ff865060000 - 0x00007ff865084000 	C:\Windows\SYSTEM32\WINMM.dll
0x00007ff84b530000 - 0x00007ff84b539000 	C:\Windows\SYSTEM32\WSOCK32.dll
0x00007ff86c910000 - 0x00007ff86c97f000 	C:\Windows\System32\WS2_32.dll
0x00007ff864e10000 - 0x00007ff864e3d000 	C:\Windows\SYSTEM32\WINMMBASE.dll
0x00007ff86baa0000 - 0x00007ff86baea000 	C:\Windows\System32\cfgmgr32.dll
0x00007ff86a990000 - 0x00007ff86a9a1000 	C:\Windows\System32\kernel.appcore.dll
0x00007ff84b710000 - 0x00007ff84b721000 	C:\Program Files\Java\jdk-11.0.7\bin\verify.dll
0x00007ff8691c0000 - 0x00007ff8693b4000 	C:\Windows\SYSTEM32\DBGHELP.DLL
0x00007ff864de0000 - 0x00007ff864e0a000 	C:\Windows\SYSTEM32\dbgcore.DLL
0x00007ff84b6e0000 - 0x00007ff84b709000 	C:\Program Files\Java\jdk-11.0.7\bin\java.dll
0x00007ff863840000 - 0x00007ff86384a000 	C:\Program Files\Java\jdk-11.0.7\bin\jimage.dll
0x00007ff82cc00000 - 0x00007ff82cc30000 	C:\Program Files\Java\jdk-11.0.7\bin\instrument.dll
0x00007ff84ab30000 - 0x00007ff84ab46000 	C:\Program Files\Java\jdk-11.0.7\bin\zip.dll

dbghelp: loaded successfully - version: 4.0.5 - missing functions: none
symbol engine: initialized successfully - sym options: 0x614 - pdb path: .;C:\Program Files\Java\jdk-11.0.7\bin;C:\Windows\SYSTEM32;C:\Windows\WinSxS\amd64_microsoft.windows.common-controls_6595b64144ccf1df_6.0.18362.1256_none_9e7e379be45e40e2;C:\Program Files\Java\jdk-11.0.7\bin\server

VM Arguments:
jvm_args: -Dmaven.multiModuleProjectDirectory=C:\fax\master\1. semestar\Upravljanje poslovnim procesima\LiterarySociety_UPP\Backend -Dmaven.home=C:\Program Files\inteliji\IntelliJ IDEA 2019.3.4\plugins\maven\lib\maven3 -Dclassworlds.conf=C:\Program Files\inteliji\IntelliJ IDEA 2019.3.4\plugins\maven\lib\maven3\bin\m2.conf -Dmaven.ext.class.path=C:\Program Files\inteliji\IntelliJ IDEA 2019.3.4\plugins\maven\lib\maven-event-listener.jar -javaagent:C:\Program Files\inteliji\IntelliJ IDEA 2019.3.4\lib\idea_rt.jar=56765:C:\Program Files\inteliji\IntelliJ IDEA 2019.3.4\bin -Dfile.encoding=UTF-8 
java_command: org.codehaus.classworlds.Launcher -Didea.version2019.3.4 clean
java_class_path (initial): C:\Program Files\inteliji\IntelliJ IDEA 2019.3.4\plugins\maven\lib\maven3\boot\plexus-classworlds-2.6.0.jar
Launcher Type: SUN_STANDARD

[Global flags]
     intx CICompilerCount                          = 4                                         {product} {ergonomic}
     uint ConcGCThreads                            = 2                                         {product} {ergonomic}
     uint G1ConcRefinementThreads                  = 8                                         {product} {ergonomic}
   size_t G1HeapRegionSize                         = 1048576                                   {product} {ergonomic}
    uintx GCDrainStackTargetSize                   = 64                                        {product} {ergonomic}
   size_t InitialHeapSize                          = 132120576                                 {product} {ergonomic}
   size_t MarkStackSize                            = 4194304                                   {product} {ergonomic}
   size_t MaxHeapSize                              = 2092957696                                {product} {ergonomic}
   size_t MinHeapDeltaBytes                        = 1048576                                   {product} {ergonomic}
    uintx NonNMethodCodeHeapSize                   = 5836300                                {pd product} {ergonomic}
    uintx NonProfiledCodeHeapSize                  = 122910970                              {pd product} {ergonomic}
    uintx ProfiledCodeHeapSize                     = 122910970                              {pd product} {ergonomic}
    uintx ReservedCodeCacheSize                    = 251658240                              {pd product} {ergonomic}
     bool SegmentedCodeCache                       = true                                      {product} {ergonomic}
     bool UseCompressedClassPointers               = true                                 {lp64_product} {ergonomic}
     bool UseCompressedOops                        = true                                 {lp64_product} {ergonomic}
     bool UseG1GC                                  = true                                      {product} {ergonomic}
     bool UseLargePagesIndividualAllocation        = false                                  {pd product} {ergonomic}

Logging:
Log output configuration:
 #0: stdout all=warning uptime,level,tags
 #1: stderr all=off uptime,level,tags

Environment Variables:
JAVA_HOME=C:\Program Files\Java\jdk-11.0.7
PATH=C:\Program Files (x86)\Microsoft SDKs\Azure\CLI2\wbin;C:\Program Files (x86)\Common Files\Oracle\Java\javapath;C:\Windows\system32;C:\Windows;C:\Windows\System32\Wbem;C:\Windows\System32\WindowsPowerShell\v1.0\;C:\Windows\System32\OpenSSH\;C:\Program Files\Git\cmd;C:\Program Files\nodejs\;C:\Program Files\Java\jdk-11.0.7\bin;C:\maven\bin;C:\Program Files\OpenSSL-Win64\bin;C:\Program Files\Geth;C:\Program Files\MySQL\MySQL Shell 8.0\bin\;C:\Users\erceg\AppData\Local\Microsoft\WindowsApps;C:\Users\erceg\AppData\Roaming\npm;C:\Users\erceg\AppData\Local\Programs\Microsoft VS Code\bin
USERNAME=erceg
OS=Windows_NT
PROCESSOR_IDENTIFIER=Intel64 Family 6 Model 142 Stepping 12, GenuineIntel



---------------  S Y S T E M  ---------------

OS: Windows 10 , 64 bit Build 18362 (10.0.18362.1110)

CPU:total 8 (initial active 8) (4 cores per cpu, 2 threads per core) family 6 model 142 stepping 12, cmov, cx8, fxsr, mmx, sse, sse2, sse3, ssse3, sse4.1, sse4.2, popcnt, avx, avx2, aes, clmul, erms, 3dnowpref, lzcnt, ht, tsc, tscinvbit, bmi1, bmi2, adx, fma

Memory: 4k page, system-wide physical 7976M (535M free)
TotalPageFile size 10976M (AvailPageFile size 115M)
current process WorkingSet (physical memory assigned to process): 10M, peak: 10M
current process commit charge ("private bytes"): 60M, peak: 186M

vm_info: Java HotSpot(TM) 64-Bit Server VM (11.0.7+8-LTS) for windows-amd64 JRE (11.0.7+8-LTS), built on Mar 12 2020 02:04:32 by "mach5one" with MS VC++ 15.5 (VS2017)

END.
