#
# There is insufficient memory for the Java Runtime Environment to continue.
# Native memory allocation (mmap) failed to map 27262976 bytes for Failed to commit area from 0x000000008b200000 to 0x000000008cc00000 of length 27262976.
# Possible reasons:
#   The system is out of physical RAM or swap space
#   The process is running with CompressedOops enabled, and the Java Heap may be blocking the growth of the native heap
# Possible solutions:
#   Reduce memory load on the system
#   Increase physical memory or swap space
#   Check if swap backing store is full
#   Decrease Java heap size (-Xmx/-Xms)
#   Decrease number of Java threads
#   Decrease Java thread stack sizes (-Xss)
#   Set larger code cache with -XX:ReservedCodeCacheSize=
#   JVM is running with Unscaled Compressed Oops mode in which the Java heap is
#     placed in the first 4GB address space. The Java Heap base address is the
#     maximum limit for the native heap growth. Please use -XX:HeapBaseMinAddress
#     to set the Java Heap base and to place the Java Heap above 4GB virtual address.
# This output file may be truncated or incomplete.
#
#  Out of Memory Error (./open/src/hotspot/os/windows/os_windows.cpp:3271), pid=18316, tid=17424
#
# JRE version: Java(TM) SE Runtime Environment 18.9 (11.0.7+8) (build 11.0.7+8-LTS)
# Java VM: Java HotSpot(TM) 64-Bit Server VM 18.9 (11.0.7+8-LTS, mixed mode, tiered, compressed oops, g1 gc, windows-amd64)
# No core dump will be written. Minidumps are not enabled by default on client versions of Windows
#

---------------  S U M M A R Y ------------

Command Line: -XX:TieredStopAtLevel=1 -Xverify:none -Dspring.output.ansi.enabled=always -Dcom.sun.management.jmxremote -Dspring.jmx.enabled=true -Dspring.liveBeansView.mbeanDomain -Dspring.application.admin.enabled=true -javaagent:C:\Program Files\inteliji\IntelliJ IDEA 2019.3.4\lib\idea_rt.jar=55888:C:\Program Files\inteliji\IntelliJ IDEA 2019.3.4\bin -Dfile.encoding=UTF-8 upp.demo.DemoApplication

Host: Intel(R) Core(TM) i5-10210U CPU @ 1.60GHz, 8 cores, 7G,  Windows 10 , 64 bit Build 18362 (10.0.18362.1110)
Time: Tue Dec 15 17:39:20 2020 Central Europe Standard Time elapsed time: 2 seconds (0d 0h 0m 2s)

---------------  T H R E A D  ---------------

Current thread (0x0000016bd123e000):  VMThread "VM Thread" [stack: 0x0000002dd9800000,0x0000002dd9900000] [id=17424]

Stack: [0x0000002dd9800000,0x0000002dd9900000]
[error occurred during error reporting (printing stack bounds), id 0xc0000005, EXCEPTION_ACCESS_VIOLATION (0xc0000005) at pc=0x0000016bba2d0bad]

Native frames: (J=compiled Java code, j=interpreted, Vv=VM code, C=native code)
V  [jvm.dll+0x661a7a]
V  [jvm.dll+0x7a1b2f]
V  [jvm.dll+0x7a31d5]
V  [jvm.dll+0x7a37a5]
V  [jvm.dll+0x7a375b]
V  [jvm.dll+0x661176]
V  [jvm.dll+0x661548]
C  [ntdll.dll+0xa184f]
C  [ntdll.dll+0x6a889]
C  [ntdll.dll+0xa04be]
C  0x0000016bba2d0bad

VM_Operation (0x0000002dda7fc220): G1CollectForAllocation, mode: safepoint, requested by thread 0x0000016bd2765000


---------------  P R O C E S S  ---------------

Threads class SMR info:
_java_thread_list=0x0000016bd3874270, length=15, elements={
0x0000016bb06e6000, 0x0000016bd1266800, 0x0000016bd1270000, 0x0000016bd127d800,
0x0000016bd1bc2800, 0x0000016bd1bc4000, 0x0000016bd1bd1000, 0x0000016bd11f9000,
0x0000016bd1f7e000, 0x0000016bd206e800, 0x0000016bd2261800, 0x0000016bd275b800,
0x0000016bd2765000, 0x0000016bd3232800, 0x0000016bd3272800
}

Java Threads: ( => current thread )
  0x0000016bb06e6000 JavaThread "main" [_thread_blocked, id=18416, stack(0x0000002dd9200000,0x0000002dd9300000)]
  0x0000016bd1266800 JavaThread "Reference Handler" daemon [_thread_blocked, id=7076, stack(0x0000002dd9900000,0x0000002dd9a00000)]
  0x0000016bd1270000 JavaThread "Finalizer" daemon [_thread_blocked, id=17176, stack(0x0000002dd9a00000,0x0000002dd9b00000)]
  0x0000016bd127d800 JavaThread "Signal Dispatcher" daemon [_thread_blocked, id=3084, stack(0x0000002dd9b00000,0x0000002dd9c00000)]
  0x0000016bd1bc2800 JavaThread "Attach Listener" daemon [_thread_blocked, id=16512, stack(0x0000002dd9c00000,0x0000002dd9d00000)]
  0x0000016bd1bc4000 JavaThread "C1 CompilerThread0" daemon [_thread_blocked, id=7520, stack(0x0000002dd9d00000,0x0000002dd9e00000)]
  0x0000016bd1bd1000 JavaThread "Sweeper thread" daemon [_thread_blocked, id=15008, stack(0x0000002dd9e00000,0x0000002dd9f00000)]
  0x0000016bd11f9000 JavaThread "Common-Cleaner" daemon [_thread_blocked, id=10368, stack(0x0000002dd9f00000,0x0000002dda000000)]
  0x0000016bd1f7e000 JavaThread "Monitor Ctrl-Break" daemon [_thread_in_native, id=14900, stack(0x0000002dda000000,0x0000002dda100000)]
  0x0000016bd206e800 JavaThread "Service Thread" daemon [_thread_blocked, id=6660, stack(0x0000002dda100000,0x0000002dda200000)]
  0x0000016bd2261800 JavaThread "RMI TCP Accept-0" daemon [_thread_in_native, id=11604, stack(0x0000002dda200000,0x0000002dda300000)]
  0x0000016bd275b800 JavaThread "Thread-0" [_thread_blocked, id=9176, stack(0x0000002dda600000,0x0000002dda700000)]
  0x0000016bd2765000 JavaThread "restartedMain" [_thread_blocked, id=13884, stack(0x0000002dda700000,0x0000002dda800000)]
  0x0000016bd3232800 JavaThread "RMI TCP Connection(1)-192.168.1.5" daemon [_thread_in_native, id=9656, stack(0x0000002dda800000,0x0000002dda900000)]
  0x0000016bd3272800 JavaThread "RMI Scheduler(0)" daemon [_thread_blocked, id=4996, stack(0x0000002dda900000,0x0000002ddaa00000)]

Other Threads:
=>0x0000016bd123e000 VMThread "VM Thread" [stack: 0x0000002dd9800000,0x0000002dd9900000] [id=17424]
  0x0000016bd2279000 WatcherThread [stack: 0x0000002dda300000,0x0000002dda400000] [id=11516]
  0x0000016bb06fe800 GCTaskThread "GC Thread#0" [stack: 0x0000002dd9300000,0x0000002dd9400000] [id=7972]
  0x0000016bd2673000 GCTaskThread "GC Thread#1" [stack: 0x0000002dda400000,0x0000002dda500000] [id=11636]
  0x0000016bd2674000 GCTaskThread "GC Thread#2" [stack: 0x0000002dda500000,0x0000002dda600000] [id=11244]
  0x0000016bd329c000 GCTaskThread "GC Thread#3" [stack: 0x0000002ddab00000,0x0000002ddac00000] [id=1764]
  0x0000016bd329c800 GCTaskThread "GC Thread#4" [stack: 0x0000002ddac00000,0x0000002ddad00000] [id=1428]
  0x0000016bd329d000 GCTaskThread "GC Thread#5" [stack: 0x0000002ddad00000,0x0000002ddae00000] [id=17440]
  0x0000016bd33cd000 GCTaskThread "GC Thread#6" [stack: 0x0000002ddae00000,0x0000002ddaf00000] [id=17436]
  0x0000016bd33f3000 GCTaskThread "GC Thread#7" [stack: 0x0000002ddaf00000,0x0000002ddb000000] [id=16692]
  0x0000016bb072e000 ConcurrentGCThread "G1 Main Marker" [stack: 0x0000002dd9400000,0x0000002dd9500000] [id=17420]
  0x0000016bb072f800 ConcurrentGCThread "G1 Conc#0" [stack: 0x0000002dd9500000,0x0000002dd9600000] [id=17416]
  0x0000016bd33df000 ConcurrentGCThread "G1 Conc#1" [stack: 0x0000002ddb000000,0x0000002ddb100000] [id=17484]
  0x0000016bd10a6800 ConcurrentGCThread "G1 Refine#0" [stack: 0x0000002dd9600000,0x0000002dd9700000] [id=17412]
  0x0000016bd10a7800 ConcurrentGCThread "G1 Young RemSet Sampling" [stack: 0x0000002dd9700000,0x0000002dd9800000] [id=14728]

Threads with active compile tasks:

VM state:at safepoint (normal execution)

VM Mutex/Monitor currently owned by a thread:  ([mutex/lock_event])
[0x0000016bb06e2240] Threads_lock - owner thread: 0x0000016bd123e000
[0x0000016bb06e2f30] Heap_lock - owner thread: 0x0000016bd2765000

Heap address: 0x0000000083400000, size: 1996 MB, Compressed Oops mode: 32-bit
Narrow klass base: 0x0000000000000000, Narrow klass shift: 3
Compressed class space size: 1073741824 Address: 0x0000000100000000

Heap:
 garbage-first heap   total 155648K, used 14884K [0x0000000083400000, 0x0000000100000000)
  region size 1024K, 7 young (7168K), 7 survivors (7168K)
 Metaspace       used 32804K, capacity 34052K, committed 34304K, reserved 1079296K
  class space    used 4069K, capacity 4540K, committed 4608K, reserved 1048576K
Heap Regions: E=young(eden), S=young(survivor), O=old, HS=humongous(starts), HC=humongous(continues), CS=collection set, F=free, A=archive, TAMS=top-at-mark-start (previous, next)
|   0|0x0000000083400000, 0x0000000083500000, 0x0000000083500000|100%|HS|  |TAMS 0x0000000083500000, 0x0000000083400000| Complete 
|   1|0x0000000083500000, 0x0000000083600000, 0x0000000083600000|100%| O|  |TAMS 0x0000000083600000, 0x0000000083500000| Untracked 
|   2|0x0000000083600000, 0x0000000083700000, 0x0000000083700000|100%| O|  |TAMS 0x0000000083700000, 0x0000000083600000| Untracked 
|   3|0x0000000083700000, 0x0000000083800000, 0x0000000083800000|100%| O|  |TAMS 0x00000000837a9000, 0x0000000083700000| Untracked 
|   4|0x0000000083800000, 0x0000000083900000, 0x0000000083900000|100%| O|  |TAMS 0x0000000083800000, 0x0000000083800000| Untracked 
|   5|0x0000000083900000, 0x0000000083a00000, 0x0000000083a00000|100%| O|  |TAMS 0x0000000083900000, 0x0000000083900000| Untracked 
|   6|0x0000000083a00000, 0x0000000083b00000, 0x0000000083b00000|100%| O|  |TAMS 0x0000000083a00000, 0x0000000083a00000| Untracked 
|   7|0x0000000083b00000, 0x0000000083bb0c00, 0x0000000083c00000| 69%| O|  |TAMS 0x0000000083b00000, 0x0000000083b00000| Untracked 
|   8|0x0000000083c00000, 0x0000000083c00000, 0x0000000083d00000|  0%| F|  |TAMS 0x0000000083c00000, 0x0000000083c00000| Untracked 
|   9|0x0000000083d00000, 0x0000000083d00000, 0x0000000083e00000|  0%| F|  |TAMS 0x0000000083d00000, 0x0000000083d00000| Untracked 
|  10|0x0000000083e00000, 0x0000000083e00000, 0x0000000083f00000|  0%| F|  |TAMS 0x0000000083e00000, 0x0000000083e00000| Untracked 
|  11|0x0000000083f00000, 0x0000000083f00000, 0x0000000084000000|  0%| F|  |TAMS 0x0000000083f00000, 0x0000000083f00000| Untracked 
|  12|0x0000000084000000, 0x0000000084000000, 0x0000000084100000|  0%| F|  |TAMS 0x0000000084000000, 0x0000000084000000| Untracked 
|  13|0x0000000084100000, 0x0000000084100000, 0x0000000084200000|  0%| F|  |TAMS 0x0000000084100000, 0x0000000084100000| Untracked 
|  14|0x0000000084200000, 0x0000000084200000, 0x0000000084300000|  0%| F|  |TAMS 0x0000000084200000, 0x0000000084200000| Untracked 
|  15|0x0000000084300000, 0x0000000084300000, 0x0000000084400000|  0%| F|  |TAMS 0x0000000084300000, 0x0000000084300000| Untracked 
|  16|0x0000000084400000, 0x0000000084400000, 0x0000000084500000|  0%| F|  |TAMS 0x0000000084400000, 0x0000000084400000| Untracked 
|  17|0x0000000084500000, 0x0000000084500000, 0x0000000084600000|  0%| F|  |TAMS 0x0000000084500000, 0x0000000084500000| Untracked 
|  18|0x0000000084600000, 0x0000000084600000, 0x0000000084700000|  0%| F|  |TAMS 0x0000000084600000, 0x0000000084600000| Untracked 
|  19|0x0000000084700000, 0x0000000084700000, 0x0000000084800000|  0%| F|  |TAMS 0x0000000084700000, 0x0000000084700000| Untracked 
|  20|0x0000000084800000, 0x0000000084800000, 0x0000000084900000|  0%| F|  |TAMS 0x0000000084800000, 0x0000000084800000| Untracked 
|  21|0x0000000084900000, 0x0000000084900000, 0x0000000084a00000|  0%| F|  |TAMS 0x0000000084900000, 0x0000000084900000| Untracked 
|  22|0x0000000084a00000, 0x0000000084a00000, 0x0000000084b00000|  0%| F|  |TAMS 0x0000000084a00000, 0x0000000084a00000| Untracked 
|  23|0x0000000084b00000, 0x0000000084b00000, 0x0000000084c00000|  0%| F|  |TAMS 0x0000000084b00000, 0x0000000084b00000| Untracked 
|  24|0x0000000084c00000, 0x0000000084c00000, 0x0000000084d00000|  0%| F|  |TAMS 0x0000000084c00000, 0x0000000084c00000| Untracked 
|  25|0x0000000084d00000, 0x0000000084d00000, 0x0000000084e00000|  0%| F|  |TAMS 0x0000000084d00000, 0x0000000084d00000| Untracked 
|  26|0x0000000084e00000, 0x0000000084e00000, 0x0000000084f00000|  0%| F|  |TAMS 0x0000000084e00000, 0x0000000084e00000| Untracked 
|  27|0x0000000084f00000, 0x0000000084f00000, 0x0000000085000000|  0%| F|  |TAMS 0x0000000084f00000, 0x0000000084f00000| Untracked 
|  28|0x0000000085000000, 0x0000000085000000, 0x0000000085100000|  0%| F|  |TAMS 0x0000000085000000, 0x0000000085000000| Untracked 
|  29|0x0000000085100000, 0x0000000085100000, 0x0000000085200000|  0%| F|  |TAMS 0x0000000085100000, 0x0000000085100000| Untracked 
|  30|0x0000000085200000, 0x0000000085200000, 0x0000000085300000|  0%| F|  |TAMS 0x0000000085200000, 0x0000000085200000| Untracked 
|  31|0x0000000085300000, 0x0000000085300000, 0x0000000085400000|  0%| F|  |TAMS 0x0000000085300000, 0x0000000085300000| Untracked 
|  32|0x0000000085400000, 0x0000000085400000, 0x0000000085500000|  0%| F|  |TAMS 0x0000000085400000, 0x0000000085400000| Untracked 
|  33|0x0000000085500000, 0x0000000085500000, 0x0000000085600000|  0%| F|  |TAMS 0x0000000085500000, 0x0000000085500000| Untracked 
|  34|0x0000000085600000, 0x0000000085600000, 0x0000000085700000|  0%| F|  |TAMS 0x0000000085600000, 0x0000000085600000| Untracked 
|  35|0x0000000085700000, 0x0000000085700000, 0x0000000085800000|  0%| F|  |TAMS 0x0000000085700000, 0x0000000085700000| Untracked 
|  36|0x0000000085800000, 0x0000000085800000, 0x0000000085900000|  0%| F|  |TAMS 0x0000000085800000, 0x0000000085800000| Untracked 
|  37|0x0000000085900000, 0x0000000085900000, 0x0000000085a00000|  0%| F|  |TAMS 0x0000000085900000, 0x0000000085900000| Untracked 
|  38|0x0000000085a00000, 0x0000000085a00000, 0x0000000085b00000|  0%| F|  |TAMS 0x0000000085a00000, 0x0000000085a00000| Untracked 
|  39|0x0000000085b00000, 0x0000000085b00000, 0x0000000085c00000|  0%| F|  |TAMS 0x0000000085b00000, 0x0000000085b00000| Untracked 
|  40|0x0000000085c00000, 0x0000000085c00000, 0x0000000085d00000|  0%| F|  |TAMS 0x0000000085c00000, 0x0000000085c00000| Untracked 
|  41|0x0000000085d00000, 0x0000000085d00000, 0x0000000085e00000|  0%| F|  |TAMS 0x0000000085d00000, 0x0000000085d00000| Untracked 
|  42|0x0000000085e00000, 0x0000000085e00000, 0x0000000085f00000|  0%| F|  |TAMS 0x0000000085e00000, 0x0000000085e00000| Untracked 
|  43|0x0000000085f00000, 0x0000000085f00000, 0x0000000086000000|  0%| F|  |TAMS 0x0000000085f00000, 0x0000000085f00000| Untracked 
|  44|0x0000000086000000, 0x00000000860d8720, 0x0000000086100000| 84%| S|CS|TAMS 0x0000000086000000, 0x0000000086000000| Complete 
|  45|0x0000000086100000, 0x0000000086100000, 0x0000000086200000|  0%| F|  |TAMS 0x0000000086100000, 0x0000000086100000| Untracked 
|  46|0x0000000086200000, 0x0000000086200000, 0x0000000086300000|  0%| F|  |TAMS 0x0000000086200000, 0x0000000086200000| Untracked 
|  47|0x0000000086300000, 0x0000000086300000, 0x0000000086400000|  0%| F|  |TAMS 0x0000000086300000, 0x0000000086300000| Untracked 
|  48|0x0000000086400000, 0x0000000086400000, 0x0000000086500000|  0%| F|  |TAMS 0x0000000086400000, 0x0000000086400000| Untracked 
|  49|0x0000000086500000, 0x0000000086500000, 0x0000000086600000|  0%| F|  |TAMS 0x0000000086500000, 0x0000000086500000| Untracked 
|  50|0x0000000086600000, 0x0000000086600000, 0x0000000086700000|  0%| F|  |TAMS 0x0000000086600000, 0x0000000086600000| Untracked 
|  51|0x0000000086700000, 0x0000000086800000, 0x0000000086800000|100%| S|CS|TAMS 0x0000000086700000, 0x0000000086700000| Complete 
|  52|0x0000000086800000, 0x0000000086900000, 0x0000000086900000|100%| S|CS|TAMS 0x0000000086800000, 0x0000000086800000| Complete 
|  53|0x0000000086900000, 0x0000000086a00000, 0x0000000086a00000|100%| S|CS|TAMS 0x0000000086900000, 0x0000000086900000| Complete 
|  54|0x0000000086a00000, 0x0000000086b00000, 0x0000000086b00000|100%| S|CS|TAMS 0x0000000086a00000, 0x0000000086a00000| Complete 
|  55|0x0000000086b00000, 0x0000000086c00000, 0x0000000086c00000|100%| S|CS|TAMS 0x0000000086b00000, 0x0000000086b00000| Complete 
|  56|0x0000000086c00000, 0x0000000086d00000, 0x0000000086d00000|100%| S|CS|TAMS 0x0000000086c00000, 0x0000000086c00000| Complete 
|  57|0x0000000086d00000, 0x0000000086d00000, 0x0000000086e00000|  0%| F|  |TAMS 0x0000000086d00000, 0x0000000086d00000| Untracked 
|  58|0x0000000086e00000, 0x0000000086e00000, 0x0000000086f00000|  0%| F|  |TAMS 0x0000000086e00000, 0x0000000086e00000| Untracked 
|  59|0x0000000086f00000, 0x0000000086f00000, 0x0000000087000000|  0%| F|  |TAMS 0x0000000086f00000, 0x0000000086f00000| Untracked 
|  60|0x0000000087000000, 0x0000000087000000, 0x0000000087100000|  0%| F|  |TAMS 0x0000000087000000, 0x0000000087000000| Untracked 
|  61|0x0000000087100000, 0x0000000087100000, 0x0000000087200000|  0%| F|  |TAMS 0x0000000087100000, 0x0000000087100000| Untracked 
|  62|0x0000000087200000, 0x0000000087200000, 0x0000000087300000|  0%| F|  |TAMS 0x0000000087200000, 0x0000000087200000| Untracked 
|  63|0x0000000087300000, 0x0000000087300000, 0x0000000087400000|  0%| F|  |TAMS 0x0000000087300000, 0x0000000087300000| Untracked 
|  64|0x0000000087400000, 0x0000000087400000, 0x0000000087500000|  0%| F|  |TAMS 0x0000000087400000, 0x0000000087400000| Untracked 
|  65|0x0000000087500000, 0x0000000087500000, 0x0000000087600000|  0%| F|  |TAMS 0x0000000087500000, 0x0000000087500000| Untracked 
|  66|0x0000000087600000, 0x0000000087600000, 0x0000000087700000|  0%| F|  |TAMS 0x0000000087600000, 0x0000000087600000| Untracked 
|  67|0x0000000087700000, 0x0000000087700000, 0x0000000087800000|  0%| F|  |TAMS 0x0000000087700000, 0x0000000087700000| Untracked 
|  68|0x0000000087800000, 0x0000000087800000, 0x0000000087900000|  0%| F|  |TAMS 0x0000000087800000, 0x0000000087800000| Untracked 
|  69|0x0000000087900000, 0x0000000087900000, 0x0000000087a00000|  0%| F|  |TAMS 0x0000000087900000, 0x0000000087900000| Untracked 
|  70|0x0000000087a00000, 0x0000000087a00000, 0x0000000087b00000|  0%| F|  |TAMS 0x0000000087a00000, 0x0000000087a00000| Untracked 
|  71|0x0000000087b00000, 0x0000000087b00000, 0x0000000087c00000|  0%| F|  |TAMS 0x0000000087b00000, 0x0000000087b00000| Untracked 
|  72|0x0000000087c00000, 0x0000000087c00000, 0x0000000087d00000|  0%| F|  |TAMS 0x0000000087c00000, 0x0000000087c00000| Untracked 
|  73|0x0000000087d00000, 0x0000000087d00000, 0x0000000087e00000|  0%| F|  |TAMS 0x0000000087d00000, 0x0000000087d00000| Untracked 
|  74|0x0000000087e00000, 0x0000000087e00000, 0x0000000087f00000|  0%| F|  |TAMS 0x0000000087e00000, 0x0000000087e00000| Untracked 
|  75|0x0000000087f00000, 0x0000000087f00000, 0x0000000088000000|  0%| F|  |TAMS 0x0000000087f00000, 0x0000000087f00000| Untracked 
|  76|0x0000000088000000, 0x0000000088000000, 0x0000000088100000|  0%| F|  |TAMS 0x0000000088000000, 0x0000000088000000| Untracked 
|  77|0x0000000088100000, 0x0000000088100000, 0x0000000088200000|  0%| F|  |TAMS 0x0000000088100000, 0x0000000088100000| Untracked 
|  78|0x0000000088200000, 0x0000000088200000, 0x0000000088300000|  0%| F|  |TAMS 0x0000000088200000, 0x0000000088200000| Untracked 
|  79|0x0000000088300000, 0x0000000088300000, 0x0000000088400000|  0%| F|  |TAMS 0x0000000088300000, 0x0000000088300000| Untracked 
|  80|0x0000000088400000, 0x0000000088400000, 0x0000000088500000|  0%| F|  |TAMS 0x0000000088400000, 0x0000000088400000| Untracked 
|  81|0x0000000088500000, 0x0000000088500000, 0x0000000088600000|  0%| F|  |TAMS 0x0000000088500000, 0x0000000088500000| Untracked 
|  82|0x0000000088600000, 0x0000000088600000, 0x0000000088700000|  0%| F|  |TAMS 0x0000000088600000, 0x0000000088600000| Untracked 
|  83|0x0000000088700000, 0x0000000088700000, 0x0000000088800000|  0%| F|  |TAMS 0x0000000088700000, 0x0000000088700000| Untracked 
|  84|0x0000000088800000, 0x0000000088800000, 0x0000000088900000|  0%| F|  |TAMS 0x0000000088800000, 0x0000000088800000| Untracked 
|  85|0x0000000088900000, 0x0000000088900000, 0x0000000088a00000|  0%| F|  |TAMS 0x0000000088900000, 0x0000000088900000| Untracked 
|  86|0x0000000088a00000, 0x0000000088a00000, 0x0000000088b00000|  0%| F|  |TAMS 0x0000000088a00000, 0x0000000088a00000| Untracked 
|  87|0x0000000088b00000, 0x0000000088b00000, 0x0000000088c00000|  0%| F|  |TAMS 0x0000000088b00000, 0x0000000088b00000| Untracked 
|  88|0x0000000088c00000, 0x0000000088c00000, 0x0000000088d00000|  0%| F|  |TAMS 0x0000000088c00000, 0x0000000088c00000| Untracked 
|  89|0x0000000088d00000, 0x0000000088d00000, 0x0000000088e00000|  0%| F|  |TAMS 0x0000000088d00000, 0x0000000088d00000| Untracked 
|  90|0x0000000088e00000, 0x0000000088e00000, 0x0000000088f00000|  0%| F|  |TAMS 0x0000000088e00000, 0x0000000088e00000| Untracked 
|  91|0x0000000088f00000, 0x0000000088f00000, 0x0000000089000000|  0%| F|  |TAMS 0x0000000088f00000, 0x0000000088f00000| Untracked 
|  92|0x0000000089000000, 0x0000000089000000, 0x0000000089100000|  0%| F|  |TAMS 0x0000000089000000, 0x0000000089000000| Untracked 
|  93|0x0000000089100000, 0x0000000089100000, 0x0000000089200000|  0%| F|  |TAMS 0x0000000089100000, 0x0000000089100000| Untracked 
|  94|0x0000000089200000, 0x0000000089200000, 0x0000000089300000|  0%| F|  |TAMS 0x0000000089200000, 0x0000000089200000| Untracked 
|  95|0x0000000089300000, 0x0000000089300000, 0x0000000089400000|  0%| F|  |TAMS 0x0000000089300000, 0x0000000089300000| Untracked 
|  96|0x0000000089400000, 0x0000000089400000, 0x0000000089500000|  0%| F|  |TAMS 0x0000000089400000, 0x0000000089400000| Untracked 
|  97|0x0000000089500000, 0x0000000089500000, 0x0000000089600000|  0%| F|  |TAMS 0x0000000089500000, 0x0000000089500000| Untracked 
|  98|0x0000000089600000, 0x0000000089600000, 0x0000000089700000|  0%| F|  |TAMS 0x0000000089600000, 0x0000000089600000| Untracked 
|  99|0x0000000089700000, 0x0000000089700000, 0x0000000089800000|  0%| F|  |TAMS 0x0000000089700000, 0x0000000089700000| Untracked 
| 100|0x0000000089800000, 0x0000000089800000, 0x0000000089900000|  0%| F|  |TAMS 0x0000000089800000, 0x0000000089800000| Untracked 
| 101|0x0000000089900000, 0x0000000089900000, 0x0000000089a00000|  0%| F|  |TAMS 0x0000000089900000, 0x0000000089900000| Untracked 
| 102|0x0000000089a00000, 0x0000000089a00000, 0x0000000089b00000|  0%| F|  |TAMS 0x0000000089a00000, 0x0000000089a00000| Untracked 
| 103|0x0000000089b00000, 0x0000000089b00000, 0x0000000089c00000|  0%| F|  |TAMS 0x0000000089b00000, 0x0000000089b00000| Untracked 
| 104|0x0000000089c00000, 0x0000000089c00000, 0x0000000089d00000|  0%| F|  |TAMS 0x0000000089c00000, 0x0000000089c00000| Untracked 
| 105|0x0000000089d00000, 0x0000000089d00000, 0x0000000089e00000|  0%| F|  |TAMS 0x0000000089d00000, 0x0000000089d00000| Untracked 
| 106|0x0000000089e00000, 0x0000000089e00000, 0x0000000089f00000|  0%| F|  |TAMS 0x0000000089e00000, 0x0000000089e00000| Untracked 
| 107|0x0000000089f00000, 0x0000000089f00000, 0x000000008a000000|  0%| F|  |TAMS 0x0000000089f00000, 0x0000000089f00000| Untracked 
| 108|0x000000008a000000, 0x000000008a000000, 0x000000008a100000|  0%| F|  |TAMS 0x000000008a000000, 0x000000008a000000| Untracked 
| 109|0x000000008a100000, 0x000000008a100000, 0x000000008a200000|  0%| F|  |TAMS 0x000000008a100000, 0x000000008a100000| Untracked 
| 110|0x000000008a200000, 0x000000008a200000, 0x000000008a300000|  0%| F|  |TAMS 0x000000008a200000, 0x000000008a200000| Untracked 
| 111|0x000000008a300000, 0x000000008a300000, 0x000000008a400000|  0%| F|  |TAMS 0x000000008a300000, 0x000000008a300000| Untracked 
| 112|0x000000008a400000, 0x000000008a400000, 0x000000008a500000|  0%| F|  |TAMS 0x000000008a400000, 0x000000008a400000| Untracked 
| 113|0x000000008a500000, 0x000000008a500000, 0x000000008a600000|  0%| F|  |TAMS 0x000000008a500000, 0x000000008a500000| Untracked 
| 114|0x000000008a600000, 0x000000008a600000, 0x000000008a700000|  0%| F|  |TAMS 0x000000008a600000, 0x000000008a600000| Untracked 
| 115|0x000000008a700000, 0x000000008a700000, 0x000000008a800000|  0%| F|  |TAMS 0x000000008a700000, 0x000000008a700000| Untracked 
| 116|0x000000008a800000, 0x000000008a800000, 0x000000008a900000|  0%| F|  |TAMS 0x000000008a800000, 0x000000008a800000| Untracked 
| 117|0x000000008a900000, 0x000000008a900000, 0x000000008aa00000|  0%| F|  |TAMS 0x000000008a900000, 0x000000008a900000| Untracked 
| 118|0x000000008aa00000, 0x000000008aa00000, 0x000000008ab00000|  0%| F|  |TAMS 0x000000008aa00000, 0x000000008aa00000| Untracked 
| 119|0x000000008ab00000, 0x000000008ab00000, 0x000000008ac00000|  0%| F|  |TAMS 0x000000008ab00000, 0x000000008ab00000| Untracked 
| 120|0x000000008ac00000, 0x000000008ac00000, 0x000000008ad00000|  0%| F|  |TAMS 0x000000008ac00000, 0x000000008ac00000| Untracked 
| 121|0x000000008ad00000, 0x000000008ad00000, 0x000000008ae00000|  0%| F|  |TAMS 0x000000008ad00000, 0x000000008ad00000| Untracked 
| 122|0x000000008ae00000, 0x000000008ae00000, 0x000000008af00000|  0%| F|  |TAMS 0x000000008ae00000, 0x000000008ae00000| Untracked 
| 123|0x000000008af00000, 0x000000008af00000, 0x000000008b000000|  0%| F|  |TAMS 0x000000008af00000, 0x000000008af00000| Untracked 
| 124|0x000000008b000000, 0x000000008b000000, 0x000000008b100000|  0%| F|  |TAMS 0x000000008b000000, 0x000000008b000000| Untracked 
| 125|0x000000008b100000, 0x000000008b100000, 0x000000008b200000|  0%| F|  |TAMS 0x000000008b100000, 0x000000008b100000| Untracked 

Card table byte_map: [0x0000016bca130000,0x0000016bca520000] _byte_map_base: 0x0000016bc9d16000

Marking Bits (Prev, Next): (CMBitMap*) 0x0000016bb0725a70, (CMBitMap*) 0x0000016bb0725a38
 Prev Bits: [0x0000016bcc840000, 0x0000016bce770000)
 Next Bits: [0x0000016bca910000, 0x0000016bcc840000)

Polling page: 0x0000016bb07b0000

Metaspace:

Usage:
  Non-class:     28.82 MB capacity,    28.06 MB ( 97%) used,   643.30 KB (  2%) free+waste,   133.56 KB ( <1%) overhead. 
      Class:      4.43 MB capacity,     3.97 MB ( 90%) used,   403.78 KB (  9%) free+waste,    67.19 KB (  1%) overhead. 
       Both:     33.25 MB capacity,    32.04 MB ( 96%) used,     1.02 MB (  3%) free+waste,   200.75 KB ( <1%) overhead. 

Virtual space:
  Non-class space:       30.00 MB reserved,      29.00 MB ( 97%) committed 
      Class space:        1.00 GB reserved,       4.50 MB ( <1%) committed 
             Both:        1.03 GB reserved,      33.50 MB (  3%) committed 

Chunk freelists:
   Non-Class:  7.00 KB
       Class:  512 bytes
        Both:  7.50 KB

CodeHeap 'non-profiled nmethods': size=238336Kb used=5421Kb max_used=5421Kb free=232914Kb
 bounds [0x0000016bbaa10000, 0x0000016bbaf60000, 0x0000016bc92d0000]
CodeHeap 'non-nmethods': size=7424Kb used=1157Kb max_used=1157Kb free=6266Kb
 bounds [0x0000016bba2d0000, 0x0000016bba540000, 0x0000016bbaa10000]
 total_blobs=3899 nmethods=3384 adapters=414
 compilation: enabled
              stopped_count=0, restarted_count=0
 full_count=0

Compilation events (10 events):
Event: 2.718 Thread 0x0000016bd1bc4000 3389       1       jdk.internal.misc.VM::isSystemDomainLoader (17 bytes)
Event: 2.718 Thread 0x0000016bd1bc4000 nmethod 3389 0x0000016bbaf58e10 code [0x0000016bbaf58fe0, 0x0000016bbaf59260]
Event: 2.739 Thread 0x0000016bd1bc4000 3391       1       java.util.Locale::hashCode (41 bytes)
Event: 2.739 Thread 0x0000016bd1bc4000 nmethod 3391 0x0000016bbaf59810 code [0x0000016bbaf599c0, 0x0000016bbaf59b60]
Event: 2.739 Thread 0x0000016bd1bc4000 3392       1       java.util.logging.LogManager$LoggerContext::getGlobalLogger (6 bytes)
Event: 2.739 Thread 0x0000016bd1bc4000 nmethod 3392 0x0000016bbaf59c10 code [0x0000016bbaf59da0, 0x0000016bbaf59eb8]
Event: 2.744 Thread 0x0000016bd1bc4000 3394   !   1       java.util.zip.Inflater$InflaterZStreamRef::get (52 bytes)
Event: 2.744 Thread 0x0000016bd1bc4000 nmethod 3394 0x0000016bbaf5a310 code [0x0000016bbaf5a520, 0x0000016bbaf5ab10]
Event: 2.744 Thread 0x0000016bd1bc4000 3395       1       java.util.zip.Inflater$InflaterZStreamRef::<init> (30 bytes)
Event: 2.744 Thread 0x0000016bd1bc4000 nmethod 3395 0x0000016bbaf5ae90 code [0x0000016bbaf5b060, 0x0000016bbaf5b3e0]

GC Heap History (10 events):
Event: 0.992 GC heap after
{Heap after GC invocations=1 (full 0):
 garbage-first heap   total 129024K, used 6820K [0x0000000083400000, 0x0000000100000000)
  region size 1024K, 3 young (3072K), 3 survivors (3072K)
 Metaspace       used 14005K, capacity 14280K, committed 14464K, reserved 1062912K
  class space    used 1476K, capacity 1596K, committed 1664K, reserved 1048576K
}
Event: 1.272 GC heap before
{Heap before GC invocations=1 (full 0):
 garbage-first heap   total 129024K, used 62116K [0x0000000083400000, 0x0000000100000000)
  region size 1024K, 58 young (59392K), 3 survivors (3072K)
 Metaspace       used 17171K, capacity 17629K, committed 17792K, reserved 1064960K
  class space    used 1904K, capacity 2120K, committed 2176K, reserved 1048576K
}
Event: 1.277 GC heap after
{Heap after GC invocations=2 (full 0):
 garbage-first heap   total 129024K, used 8095K [0x0000000083400000, 0x0000000100000000)
  region size 1024K, 5 young (5120K), 5 survivors (5120K)
 Metaspace       used 17171K, capacity 17629K, committed 17792K, reserved 1064960K
  class space    used 1904K, capacity 2120K, committed 2176K, reserved 1048576K
}
Event: 1.554 GC heap before
{Heap before GC invocations=2 (full 0):
 garbage-first heap   total 129024K, used 31647K [0x0000000083400000, 0x0000000100000000)
  region size 1024K, 29 young (29696K), 5 survivors (5120K)
 Metaspace       used 20448K, capacity 21170K, committed 21296K, reserved 1069056K
  class space    used 2395K, capacity 2660K, committed 2688K, reserved 1048576K
}
Event: 1.560 GC heap after
{Heap after GC invocations=3 (full 0):
 garbage-first heap   total 129024K, used 9114K [0x0000000083400000, 0x0000000100000000)
  region size 1024K, 6 young (6144K), 6 survivors (6144K)
 Metaspace       used 20448K, capacity 21170K, committed 21296K, reserved 1069056K
  class space    used 2395K, capacity 2660K, committed 2688K, reserved 1048576K
}
Event: 1.819 GC heap before
{Heap before GC invocations=4 (full 0):
 garbage-first heap   total 129024K, used 72602K [0x0000000083400000, 0x0000000100000000)
  region size 1024K, 69 young (70656K), 6 survivors (6144K)
 Metaspace       used 25051K, capacity 25979K, committed 26240K, reserved 1073152K
  class space    used 3009K, capacity 3354K, committed 3456K, reserved 1048576K
}
Event: 1.825 GC heap after
{Heap after GC invocations=5 (full 0):
 garbage-first heap   total 129024K, used 10583K [0x0000000083400000, 0x0000000100000000)
  region size 1024K, 4 young (4096K), 4 survivors (4096K)
 Metaspace       used 25051K, capacity 25979K, committed 26240K, reserved 1073152K
  class space    used 3009K, capacity 3354K, committed 3456K, reserved 1048576K
}
Event: 2.530 GC heap before
{Heap before GC invocations=5 (full 0):
 garbage-first heap   total 129024K, used 82263K [0x0000000083400000, 0x0000000100000000)
  region size 1024K, 75 young (76800K), 4 survivors (4096K)
 Metaspace       used 29970K, capacity 31097K, committed 31360K, reserved 1077248K
  class space    used 3717K, capacity 4150K, committed 4224K, reserved 1048576K
}
Event: 2.535 GC heap after
{Heap after GC invocations=6 (full 0):
 garbage-first heap   total 129024K, used 12945K [0x0000000083400000, 0x0000000100000000)
  region size 1024K, 6 young (6144K), 6 survivors (6144K)
 Metaspace       used 29970K, capacity 31097K, committed 31360K, reserved 1077248K
  class space    used 3717K, capacity 4150K, committed 4224K, reserved 1048576K
}
Event: 2.747 GC heap before
{Heap before GC invocations=6 (full 0):
 garbage-first heap   total 129024K, used 82577K [0x0000000083400000, 0x0000000100000000)
  region size 1024K, 75 young (76800K), 6 survivors (6144K)
 Metaspace       used 32804K, capacity 34052K, committed 34304K, reserved 1079296K
  class space    used 4069K, capacity 4540K, committed 4608K, reserved 1048576K
}

Deoptimization events (0 events):
No events

Classes redefined (0 events):
No events

Internal exceptions (10 events):
Event: 2.494 Thread 0x0000016bd2765000 Exception <a 'java/lang/ClassNotFoundException'{0x0000000086ef0fb8}: org/springframework/transaction/annotation/AbstractTransactionManagementConfigurationCustomizer> (0x0000000086ef0fb8) thrown at [./open/src/hotspot/share/classfile/systemDictionary.cpp, 
Event: 2.494 Thread 0x0000016bd2765000 Exception <a 'java/lang/ClassNotFoundException'{0x0000000086d07060}: org/springframework/transaction/annotation/ProxyTransactionManagementConfigurationCustomizer> (0x0000000086d07060) thrown at [./open/src/hotspot/share/classfile/systemDictionary.cpp, lin
Event: 2.495 Thread 0x0000016bd2765000 Exception <a 'java/lang/ClassNotFoundException'{0x0000000086d1ab90}: org/springframework/context/annotation/ImportAwareCustomizer> (0x0000000086d1ab90) thrown at [./open/src/hotspot/share/classfile/systemDictionary.cpp, line 228]
Event: 2.495 Thread 0x0000016bd2765000 Exception <a 'java/lang/ClassNotFoundException'{0x0000000086d2a280}: org/springframework/beans/factory/AwareCustomizer> (0x0000000086d2a280) thrown at [./open/src/hotspot/share/classfile/systemDictionary.cpp, line 228]
Event: 2.520 Thread 0x0000016bd2765000 Exception <a 'java/lang/NoSuchMethodError'{0x000000008672dc80}: java.lang.invoke.DirectMethodHandle$Holder.invokeSpecialIFC(Ljava/lang/Object;Ljava/lang/Object;Ljava/lang/Object;)Ljava/lang/Object;> (0x000000008672dc80) thrown at [./open/src/hotspot/share
Event: 2.548 Thread 0x0000016bd2765000 Exception <a 'java/lang/NoSuchMethodError'{0x000000008b1e7398}: java.lang.invoke.DirectMethodHandle$Holder.invokeSpecial(Ljava/lang/Object;Ljava/lang/Object;Ljava/lang/Object;Ljava/lang/Object;Ljava/lang/Object;)I> (0x000000008b1e7398) thrown at [./open/s
Event: 2.593 Thread 0x0000016bd2765000 Exception <a 'java/lang/NoSuchMethodError'{0x000000008ac84c70}: java.lang.invoke.DirectMethodHandle$Holder.invokeInterface(Ljava/lang/Object;Ljava/lang/Object;I)V> (0x000000008ac84c70) thrown at [./open/src/hotspot/share/interpreter/linkResolver.cpp, line
Event: 2.594 Thread 0x0000016bd2765000 Exception <a 'java/lang/NoSuchMethodError'{0x000000008ac9cd20}: java.lang.invoke.DirectMethodHandle$Holder.invokeVirtual(Ljava/lang/Object;Ljava/lang/Object;)I> (0x000000008ac9cd20) thrown at [./open/src/hotspot/share/interpreter/linkResolver.cpp, line 77
Event: 2.596 Thread 0x0000016bd2765000 Exception <a 'java/lang/IncompatibleClassChangeError'{0x000000008acd2fb0}: Found class java.lang.Object, but interface was expected> (0x000000008acd2fb0) thrown at [./open/src/hotspot/share/interpreter/linkResolver.cpp, line 838]
Event: 2.596 Thread 0x0000016bd2765000 Exception <a 'java/lang/NoSuchMethodError'{0x000000008acd7e50}: java.lang.invoke.DirectMethodHandle$Holder.invokeStatic(Ljava/lang/Object;ILjava/lang/Object;)V> (0x000000008acd7e50) thrown at [./open/src/hotspot/share/interpreter/linkResolver.cpp, line 77

Events (10 events):
Event: 2.741 loading class java/util/zip/ZipInputStream
Event: 2.741 loading class java/util/zip/ZipInputStream done
Event: 2.741 loading class java/util/jar/JarInputStream done
Event: 2.741 loading class sun/security/util/ManifestEntryVerifier
Event: 2.741 loading class sun/security/util/ManifestEntryVerifier done
Event: 2.742 loading class org/apache/catalina/util/ManifestResource
Event: 2.742 loading class org/apache/catalina/util/ManifestResource done
Event: 2.745 loading class org/apache/catalina/util/Extension
Event: 2.745 loading class org/apache/catalina/util/Extension done
Event: 2.747 Executing VM operation: G1CollectForAllocation


Dynamic libraries:
0x00007ff671bc0000 - 0x00007ff671c07000 	C:\Program Files\Java\jdk-11.0.7\bin\java.exe
0x00007ff86dae0000 - 0x00007ff86dcd0000 	C:\Windows\SYSTEM32\ntdll.dll
0x00007ff86c060000 - 0x00007ff86c112000 	C:\Windows\System32\KERNEL32.DLL
0x00007ff86b3d0000 - 0x00007ff86b675000 	C:\Windows\System32\KERNELBASE.dll
0x00007ff86c860000 - 0x00007ff86c903000 	C:\Windows\System32\ADVAPI32.dll
0x00007ff86bf90000 - 0x00007ff86c02e000 	C:\Windows\System32\msvcrt.dll
0x00007ff86d110000 - 0x00007ff86d1a7000 	C:\Windows\System32\sechost.dll
0x00007ff86cfe0000 - 0x00007ff86d100000 	C:\Windows\System32\RPCRT4.dll
0x00007ff86bcb0000 - 0x00007ff86be44000 	C:\Windows\System32\USER32.dll
0x00007ff86aa80000 - 0x00007ff86aaa1000 	C:\Windows\System32\win32u.dll
0x00007ff86c120000 - 0x00007ff86c146000 	C:\Windows\System32\GDI32.dll
0x00007ff86b830000 - 0x00007ff86b9c6000 	C:\Windows\System32\gdi32full.dll
0x00007ff86baf0000 - 0x00007ff86bb8e000 	C:\Windows\System32\msvcp_win.dll
0x00007ff86b2d0000 - 0x00007ff86b3ca000 	C:\Windows\System32\ucrtbase.dll
0x00007ff84b9e0000 - 0x00007ff84bc64000 	C:\Windows\WinSxS\amd64_microsoft.windows.common-controls_6595b64144ccf1df_6.0.18362.1256_none_9e7e379be45e40e2\COMCTL32.dll
0x00007ff85ed70000 - 0x00007ff85ed7a000 	C:\Windows\SYSTEM32\VERSION.dll
0x00007ff86c310000 - 0x00007ff86c646000 	C:\Windows\System32\combase.dll
0x00007ff86b240000 - 0x00007ff86b2c1000 	C:\Windows\System32\bcryptPrimitives.dll
0x00007ff86cfb0000 - 0x00007ff86cfde000 	C:\Windows\System32\IMM32.DLL
0x00007ff861d30000 - 0x00007ff861d46000 	C:\Program Files\Java\jdk-11.0.7\bin\vcruntime140.dll
0x00007ff8349d0000 - 0x00007ff834a7a000 	C:\Program Files\Java\jdk-11.0.7\bin\msvcp140.dll
0x00007ff827670000 - 0x00007ff8281d1000 	C:\Program Files\Java\jdk-11.0.7\bin\server\jvm.dll
0x00007ff86d100000 - 0x00007ff86d108000 	C:\Windows\System32\PSAPI.DLL
0x00007ff865060000 - 0x00007ff865084000 	C:\Windows\SYSTEM32\WINMM.dll
0x00007ff84b530000 - 0x00007ff84b539000 	C:\Windows\SYSTEM32\WSOCK32.dll
0x00007ff86c910000 - 0x00007ff86c97f000 	C:\Windows\System32\WS2_32.dll
0x00007ff864e10000 - 0x00007ff864e3d000 	C:\Windows\SYSTEM32\WINMMBASE.dll
0x00007ff86baa0000 - 0x00007ff86baea000 	C:\Windows\System32\cfgmgr32.dll
0x00007ff86a990000 - 0x00007ff86a9a1000 	C:\Windows\System32\kernel.appcore.dll
0x00007ff84b710000 - 0x00007ff84b721000 	C:\Program Files\Java\jdk-11.0.7\bin\verify.dll
0x00007ff8691c0000 - 0x00007ff8693b4000 	C:\Windows\SYSTEM32\DBGHELP.DLL
0x00007ff864de0000 - 0x00007ff864e0a000 	C:\Windows\SYSTEM32\dbgcore.DLL
0x00007ff84b6e0000 - 0x00007ff84b709000 	C:\Program Files\Java\jdk-11.0.7\bin\java.dll
0x00007ff863840000 - 0x00007ff86384a000 	C:\Program Files\Java\jdk-11.0.7\bin\jimage.dll
0x00007ff82b400000 - 0x00007ff82b430000 	C:\Program Files\Java\jdk-11.0.7\bin\instrument.dll
0x00007ff84ab30000 - 0x00007ff84ab46000 	C:\Program Files\Java\jdk-11.0.7\bin\zip.dll
0x00007ff86d1b0000 - 0x00007ff86d897000 	C:\Windows\System32\SHELL32.dll
0x00007ff86d970000 - 0x00007ff86da19000 	C:\Windows\System32\shcore.dll
0x00007ff86aab0000 - 0x00007ff86b231000 	C:\Windows\System32\windows.storage.dll
0x00007ff86aa00000 - 0x00007ff86aa23000 	C:\Windows\System32\profapi.dll
0x00007ff86a9b0000 - 0x00007ff86a9fa000 	C:\Windows\System32\powrprof.dll
0x00007ff86a980000 - 0x00007ff86a990000 	C:\Windows\System32\UMPDC.dll
0x00007ff86c800000 - 0x00007ff86c852000 	C:\Windows\System32\shlwapi.dll
0x00007ff86b9d0000 - 0x00007ff86b9e7000 	C:\Windows\System32\cryptsp.dll
0x00007ff84ab10000 - 0x00007ff84ab29000 	C:\Program Files\Java\jdk-11.0.7\bin\net.dll
0x00007ff863750000 - 0x00007ff863840000 	C:\Windows\SYSTEM32\WINHTTP.dll
0x00007ff86a1d0000 - 0x00007ff86a237000 	C:\Windows\system32\mswsock.dll
0x00007ff843f70000 - 0x00007ff843f83000 	C:\Program Files\Java\jdk-11.0.7\bin\nio.dll
0x00007ff82b3e0000 - 0x00007ff82b3fa000 	C:\Program Files\inteliji\IntelliJ IDEA 2019.3.4\bin\breakgen64.dll
0x00007ff869f20000 - 0x00007ff869feb000 	C:\Windows\SYSTEM32\DNSAPI.dll
0x00007ff86c300000 - 0x00007ff86c308000 	C:\Windows\System32\NSI.dll
0x00007ff869ee0000 - 0x00007ff869f1a000 	C:\Windows\SYSTEM32\IPHLPAPI.DLL
0x00007ff85dd40000 - 0x00007ff85dd4a000 	C:\Windows\System32\rasadhlp.dll
0x00007ff85e6d0000 - 0x00007ff85e747000 	C:\Windows\System32\fwpuclnt.dll
0x00007ff86aa50000 - 0x00007ff86aa76000 	C:\Windows\System32\bcrypt.dll
0x00007ff8602e0000 - 0x00007ff8602e9000 	C:\Program Files\Java\jdk-11.0.7\bin\management.dll
0x00007ff82cbb0000 - 0x00007ff82cbbc000 	C:\Program Files\Java\jdk-11.0.7\bin\management_ext.dll
0x00007ff869d10000 - 0x00007ff869d43000 	C:\Windows\system32\rsaenh.dll
0x00007ff86a8a0000 - 0x00007ff86a8c5000 	C:\Windows\SYSTEM32\USERENV.dll
0x00007ff86a3a0000 - 0x00007ff86a3ac000 	C:\Windows\SYSTEM32\CRYPTBASE.dll
0x00007ff85f820000 - 0x00007ff85f836000 	C:\Windows\SYSTEM32\dhcpcsvc6.DLL
0x00007ff85f800000 - 0x00007ff85f81c000 	C:\Windows\SYSTEM32\dhcpcsvc.DLL
0x00007ff84b9a0000 - 0x00007ff84b9b6000 	C:\Windows\system32\napinsp.dll
0x00007ff847980000 - 0x00007ff84799a000 	C:\Windows\system32\pnrpnsp.dll
0x00007ff84b990000 - 0x00007ff84b99e000 	C:\Windows\System32\winrnr.dll
0x00007ff863710000 - 0x00007ff86372c000 	C:\Windows\system32\NLAapi.dll
0x00007ff863a50000 - 0x00007ff863a65000 	C:\Windows\system32\wshbth.dll

dbghelp: loaded successfully - version: 4.0.5 - missing functions: none
symbol engine: initialized successfully - sym options: 0x614 - pdb path: .;C:\Program Files\Java\jdk-11.0.7\bin;C:\Windows\SYSTEM32;C:\Windows\WinSxS\amd64_microsoft.windows.common-controls_6595b64144ccf1df_6.0.18362.1256_none_9e7e379be45e40e2;C:\Program Files\Java\jdk-11.0.7\bin\server;C:\Program Files\inteliji\IntelliJ IDEA 2019.3.4\bin

VM Arguments:
jvm_args: -XX:TieredStopAtLevel=1 -Xverify:none -Dspring.output.ansi.enabled=always -Dcom.sun.management.jmxremote -Dspring.jmx.enabled=true -Dspring.liveBeansView.mbeanDomain -Dspring.application.admin.enabled=true -javaagent:C:\Program Files\inteliji\IntelliJ IDEA 2019.3.4\lib\idea_rt.jar=55888:C:\Program Files\inteliji\IntelliJ IDEA 2019.3.4\bin -Dfile.encoding=UTF-8 
java_command: upp.demo.DemoApplication
java_class_path (initial): C:\fax\master\1. semestar\Upravljanje poslovnim procesima\LiterarySociety_UPP\Backend\target\classes;C:\Users\erceg\.m2\repository\org\springframework\boot\spring-boot-starter-data-jpa\2.4.1\spring-boot-starter-data-jpa-2.4.1.jar;C:\Users\erceg\.m2\repository\org\springframework\boot\spring-boot-starter-aop\2.4.1\spring-boot-starter-aop-2.4.1.jar;C:\Users\erceg\.m2\repository\org\springframework\spring-aop\5.3.2\spring-aop-5.3.2.jar;C:\Users\erceg\.m2\repository\org\aspectj\aspectjweaver\1.9.6\aspectjweaver-1.9.6.jar;C:\Users\erceg\.m2\repository\org\springframework\boot\spring-boot-starter-jdbc\2.4.1\spring-boot-starter-jdbc-2.4.1.jar;C:\Users\erceg\.m2\repository\com\zaxxer\HikariCP\3.4.5\HikariCP-3.4.5.jar;C:\Users\erceg\.m2\repository\org\springframework\spring-jdbc\5.3.2\spring-jdbc-5.3.2.jar;C:\Users\erceg\.m2\repository\jakarta\transaction\jakarta.transaction-api\1.3.3\jakarta.transaction-api-1.3.3.jar;C:\Users\erceg\.m2\repository\jakarta\persistence\jakarta.persistence-api\2.2.3\jakarta.persistence-api-2.2.3.jar;C:\Users\erceg\.m2\repository\org\hibernate\hibernate-core\5.4.25.Final\hibernate-core-5.4.25.Final.jar;C:\Users\erceg\.m2\repository\org\jboss\logging\jboss-logging\3.4.1.Final\jboss-logging-3.4.1.Final.jar;C:\Users\erceg\.m2\repository\org\javassist\javassist\3.27.0-GA\javassist-3.27.0-GA.jar;C:\Users\erceg\.m2\repository\net\bytebuddy\byte-buddy\1.10.18\byte-buddy-1.10.18.jar;C:\Users\erceg\.m2\repository\antlr\antlr\2.7.7\antlr-2.7.7.jar;C:\Users\erceg\.m2\repository\org\jboss\jandex\2.1.3.Final\jandex-2.1.3.Final.jar;C:\Users\erceg\.m2\repository\com\fasterxml\classmate\1.5.1\classmate-1.5.1.jar;C:\Users\erceg\.m2\repository\org\dom4j\dom4j\2.1.3\dom4j-2.1.3.jar;C:\Users\erceg\.m2\repository\org\hibernate\common\hibernate-commons-annotations\5.1.2.Final\hibernate-commons-annotations-5.1.2.Final.jar;C:\Users\erceg\.m2\repository\org\glassfish\jaxb\jaxb-runtime\2.3.3\jaxb-runtime-2.3.3.jar;C:\Users\erceg\.m2\repositor
Launcher Type: SUN_STANDARD

[Global flags]
     bool BytecodeVerificationLocal                = false                                     {product} {command line}
     bool BytecodeVerificationRemote               = false                                     {product} {command line}
     intx CICompilerCount                          = 4                                         {product} {ergonomic}
     uint ConcGCThreads                            = 2                                         {product} {ergonomic}
     uint G1ConcRefinementThreads                  = 8                                         {product} {ergonomic}
   size_t G1HeapRegionSize                         = 1048576                                   {product} {ergonomic}
    uintx GCDrainStackTargetSize                   = 64                                        {product} {ergonomic}
   size_t InitialHeapSize                          = 132120576                                 {product} {ergonomic}
     bool ManagementServer                         = true                                      {product} {command line}
   size_t MarkStackSize                            = 4194304                                   {product} {ergonomic}
   size_t MaxHeapSize                              = 2092957696                                {product} {ergonomic}
   size_t MaxNewSize                               = 1255145472                                {product} {ergonomic}
   size_t MinHeapDeltaBytes                        = 1048576                                   {product} {ergonomic}
    uintx NonNMethodCodeHeapSize                   = 7549744                                {pd product} {ergonomic}
    uintx NonProfiledCodeHeapSize                  = 244108496                              {pd product} {ergonomic}
    uintx ProfiledCodeHeapSize                     = 0                                      {pd product} {ergonomic}
    uintx ReservedCodeCacheSize                    = 251658240                              {pd product} {ergonomic}
     bool SegmentedCodeCache                       = true                                      {product} {ergonomic}
     intx TieredStopAtLevel                        = 1                                         {product} {command line}
     bool UseCompressedClassPointers               = true                                 {lp64_product} {ergonomic}
     bool UseCompressedOops                        = true                                 {lp64_product} {ergonomic}
     bool UseG1GC                                  = true                                      {product} {ergonomic}
     bool UseLargePagesIndividualAllocation        = false                                  {pd product} {ergonomic}

Logging:
Log output configuration:
 #0: stdout all=warning uptime,level,tags
 #1: stderr all=off uptime,level,tags

Environment Variables:
JAVA_HOME=C:\Program Files\Java\jdk-11.0.7
PATH=C:\Program Files (x86)\Microsoft SDKs\Azure\CLI2\wbin;C:\Program Files (x86)\Common Files\Oracle\Java\javapath;C:\Windows\system32;C:\Windows;C:\Windows\System32\Wbem;C:\Windows\System32\WindowsPowerShell\v1.0\;C:\Windows\System32\OpenSSH\;C:\Program Files\Git\cmd;C:\Program Files\nodejs\;C:\Program Files\Java\jdk-11.0.7\bin;C:\maven\bin;C:\Program Files\OpenSSL-Win64\bin;C:\Program Files\Geth;C:\Program Files\MySQL\MySQL Shell 8.0\bin\;C:\Users\erceg\AppData\Local\Microsoft\WindowsApps;C:\Users\erceg\AppData\Roaming\npm;C:\Users\erceg\AppData\Local\Programs\Microsoft VS Code\bin
USERNAME=erceg
OS=Windows_NT
PROCESSOR_IDENTIFIER=Intel64 Family 6 Model 142 Stepping 12, GenuineIntel



---------------  S Y S T E M  ---------------

OS: Windows 10 , 64 bit Build 18362 (10.0.18362.1110)

CPU:total 8 (initial active 8) (4 cores per cpu, 2 threads per core) family 6 model 142 stepping 12, cmov, cx8, fxsr, mmx, sse, sse2, sse3, ssse3, sse4.1, sse4.2, popcnt, avx, avx2, aes, clmul, erms, 3dnowpref, lzcnt, ht, tsc, tscinvbit, bmi1, bmi2, adx, fma

Memory: 4k page, system-wide physical 7976M (727M free)
TotalPageFile size 10976M (AvailPageFile size 7M)
current process WorkingSet (physical memory assigned to process): 172M, peak: 172M
current process commit charge ("private bytes"): 252M, peak: 278M

vm_info: Java HotSpot(TM) 64-Bit Server VM (11.0.7+8-LTS) for windows-amd64 JRE (11.0.7+8-LTS), built on Mar 12 2020 02:04:32 by "mach5one" with MS VC++ 15.5 (VS2017)

END.
