#
# There is insufficient memory for the Java Runtime Environment to continue.
# Native memory allocation (mmap) failed to map 132120576 bytes for Failed to commit area from 0x0000000083400000 to 0x000000008b200000 of length 132120576.
# Possible reasons:
#   The system is out of physical RAM or swap space
#   The process is running with CompressedOops enabled, and the Java Heap may be blocking the growth of the native heap
# Possible solutions:
#   Reduce memory load on the system
#   Increase physical memory or swap space
#   Check if swap backing store is full
#   Decrease Java heap size (-Xmx/-Xms)
#   Decrease number of Java threads
#   Decrease Java thread stack sizes (-Xss)
#   Set larger code cache with -XX:ReservedCodeCacheSize=
# This output file may be truncated or incomplete.
#
#  Out of Memory Error (./open/src/hotspot/os/windows/os_windows.cpp:3271), pid=20164, tid=20184
#
# JRE version:  (11.0.7+8) (build )
# Java VM: Java HotSpot(TM) 64-Bit Server VM (11.0.7+8-LTS, mixed mode, sharing, tiered, compressed oops, g1 gc, windows-amd64)
# No core dump will be written. Minidumps are not enabled by default on client versions of Windows
#

---------------  S U M M A R Y ------------

Command Line: C:\Users\erceg\AppData\Local\Temp\surefire8225888352728108788\surefirebooter17193920631023128774.jar C:\Users\erceg\AppData\Local\Temp\surefire8225888352728108788 2020-12-15T15-34-33_340-jvmRun1 surefire14914370941589083686tmp surefire_010508625159340991694tmp

Host: Intel(R) Core(TM) i5-10210U CPU @ 1.60GHz, 8 cores, 7G,  Windows 10 , 64 bit Build 18362 (10.0.18362.1110)
Time: Tue Dec 15 15:34:34 2020 Central Europe Standard Time elapsed time: 0 seconds (0d 0h 0m 0s)

---------------  T H R E A D  ---------------

Current thread (0x0000020029842800):  JavaThread "Unknown thread" [_thread_in_vm, id=20184, stack(0x00000005a5000000,0x00000005a5100000)]

Stack: [0x00000005a5000000,0x00000005a5100000]
Native frames: (J=compiled Java code, j=interpreted, Vv=VM code, C=native code)
V  [jvm.dll+0x661a7a]
V  [jvm.dll+0x7a1b2f]
V  [jvm.dll+0x7a31d5]
V  [jvm.dll+0x7a3843]
V  [jvm.dll+0x25f1a8]
V  [jvm.dll+0x65ee8a]
V  [jvm.dll+0x653865]
V  [jvm.dll+0x316adc]
V  [jvm.dll+0x316962]
V  [jvm.dll+0x31c1d6]
V  [jvm.dll+0x3688af]
V  [jvm.dll+0x3682d0]
V  [jvm.dll+0x2f3888]
V  [jvm.dll+0x2f49e6]
V  [jvm.dll+0x77ac57]
V  [jvm.dll+0x77c52f]
V  [jvm.dll+0x3755a9]
V  [jvm.dll+0x75fe6e]
V  [jvm.dll+0x3e5b7d]
V  [jvm.dll+0x3e8091]
C  [java.exe+0x3607]
C  [java.exe+0x178dc]
C  [KERNEL32.DLL+0x17c24]
C  [ntdll.dll+0x6d4d1]


---------------  P R O C E S S  ---------------

Threads class SMR info:
_java_thread_list=0x0000020027632760, length=0, elements={
}

Java Threads: ( => current thread )

Other Threads:
  0x0000020029856800 GCTaskThread "GC Thread#0" [stack: 0x00000005a5100000,0x00000005a5200000] [id=11524]
  0x0000020029889800 ConcurrentGCThread "G1 Main Marker" [stack: 0x00000005a5200000,0x00000005a5300000] [id=17276]
  0x000002002988f000 ConcurrentGCThread "G1 Conc#0" [stack: 0x00000005a5300000,0x00000005a5400000] [id=428]

[error occurred during error reporting (printing all threads), id 0xc0000005, EXCEPTION_ACCESS_VIOLATION (0xc0000005) at pc=0x00007ffb81352047]

VM state:not at safepoint (not fully initialized)

VM Mutex/Monitor currently owned by a thread:  ([mutex/lock_event])
[0x000002002983fac0] Heap_lock - owner thread: 0x0000020029842800

Heap address: 0x0000000083400000, size: 1996 MB, Compressed Oops mode: Non-zero based: 0x0000000083400000
Narrow klass base: 0x0000000000000000, Narrow klass shift: 0

GC Heap History (0 events):
No events

Deoptimization events (0 events):
No events

Classes redefined (0 events):
No events

Internal exceptions (0 events):
No events

Events (0 events):
No events


Dynamic libraries:
0x00007ff6c9fa0000 - 0x00007ff6c9fe7000 	C:\Program Files\Java\jdk-11.0.7\bin\java.exe
0x00007ffc0ada0000 - 0x00007ffc0af90000 	C:\Windows\SYSTEM32\ntdll.dll
0x00007ffc0a3f0000 - 0x00007ffc0a4a2000 	C:\Windows\System32\KERNEL32.DLL
0x00007ffc088c0000 - 0x00007ffc08b65000 	C:\Windows\System32\KERNELBASE.dll
0x00007ffc0ac10000 - 0x00007ffc0acb3000 	C:\Windows\System32\ADVAPI32.dll
0x00007ffc0acc0000 - 0x00007ffc0ad5e000 	C:\Windows\System32\msvcrt.dll
0x00007ffc0a6b0000 - 0x00007ffc0a747000 	C:\Windows\System32\sechost.dll
0x00007ffc0a2d0000 - 0x00007ffc0a3f0000 	C:\Windows\System32\RPCRT4.dll
0x00007ffc0a4b0000 - 0x00007ffc0a644000 	C:\Windows\System32\USER32.dll
0x00007ffc08c70000 - 0x00007ffc08c91000 	C:\Windows\System32\win32u.dll
0x00007ffc0abe0000 - 0x00007ffc0ac06000 	C:\Windows\System32\GDI32.dll
0x00007ffc07ef0000 - 0x00007ffc08086000 	C:\Windows\System32\gdi32full.dll
0x00007ffc08090000 - 0x00007ffc0812e000 	C:\Windows\System32\msvcp_win.dll
0x00007ffc08ca0000 - 0x00007ffc08d9a000 	C:\Windows\System32\ucrtbase.dll
0x00007ffbeaf30000 - 0x00007ffbeb1b4000 	C:\Windows\WinSxS\amd64_microsoft.windows.common-controls_6595b64144ccf1df_6.0.18362.1256_none_9e7e379be45e40e2\COMCTL32.dll
0x00007ffc09590000 - 0x00007ffc098c6000 	C:\Windows\System32\combase.dll
0x00007ffbfdec0000 - 0x00007ffbfdeca000 	C:\Windows\SYSTEM32\VERSION.dll
0x00007ffc07d10000 - 0x00007ffc07d91000 	C:\Windows\System32\bcryptPrimitives.dll
0x00007ffc099d0000 - 0x00007ffc099fe000 	C:\Windows\System32\IMM32.DLL
0x00007ffbdfce0000 - 0x00007ffbdfcf6000 	C:\Program Files\Java\jdk-11.0.7\bin\vcruntime140.dll
0x00007ffbdc700000 - 0x00007ffbdc7aa000 	C:\Program Files\Java\jdk-11.0.7\bin\msvcp140.dll
0x00007ffb81050000 - 0x00007ffb81bb1000 	C:\Program Files\Java\jdk-11.0.7\bin\server\jvm.dll
0x00007ffc0aa50000 - 0x00007ffc0aa58000 	C:\Windows\System32\PSAPI.DLL
0x00007ffc02020000 - 0x00007ffc02044000 	C:\Windows\SYSTEM32\WINMM.dll
0x00007ffbeb2f0000 - 0x00007ffbeb2f9000 	C:\Windows\SYSTEM32\WSOCK32.dll
0x00007ffc0a260000 - 0x00007ffc0a2cf000 	C:\Windows\System32\WS2_32.dll
0x00007ffc01ff0000 - 0x00007ffc0201d000 	C:\Windows\SYSTEM32\WINMMBASE.dll
0x00007ffc08c20000 - 0x00007ffc08c6a000 	C:\Windows\System32\cfgmgr32.dll
0x00007ffc07c50000 - 0x00007ffc07c61000 	C:\Windows\System32\kernel.appcore.dll
0x00007ffbdfcc0000 - 0x00007ffbdfcd1000 	C:\Program Files\Java\jdk-11.0.7\bin\verify.dll
0x00007ffc06480000 - 0x00007ffc06674000 	C:\Windows\SYSTEM32\DBGHELP.DLL
0x00007ffc02100000 - 0x00007ffc0212a000 	C:\Windows\SYSTEM32\dbgcore.DLL
0x00007ffbdfc90000 - 0x00007ffbdfcb9000 	C:\Program Files\Java\jdk-11.0.7\bin\java.dll
0x00007ffc00030000 - 0x00007ffc0003a000 	C:\Program Files\Java\jdk-11.0.7\bin\jimage.dll
0x00007ffbdf630000 - 0x00007ffbdf646000 	C:\Program Files\Java\jdk-11.0.7\bin\zip.dll

dbghelp: loaded successfully - version: 4.0.5 - missing functions: none
symbol engine: initialized successfully - sym options: 0x614 - pdb path: .;C:\Program Files\Java\jdk-11.0.7\bin;C:\Windows\SYSTEM32;C:\Windows\WinSxS\amd64_microsoft.windows.common-controls_6595b64144ccf1df_6.0.18362.1256_none_9e7e379be45e40e2;C:\Program Files\Java\jdk-11.0.7\bin\server

VM Arguments:
java_command: C:\Users\erceg\AppData\Local\Temp\surefire8225888352728108788\surefirebooter17193920631023128774.jar C:\Users\erceg\AppData\Local\Temp\surefire8225888352728108788 2020-12-15T15-34-33_340-jvmRun1 surefire14914370941589083686tmp surefire_010508625159340991694tmp
java_class_path (initial): C:\Users\erceg\AppData\Local\Temp\surefire8225888352728108788\surefirebooter17193920631023128774.jar
Launcher Type: SUN_STANDARD

[Global flags]
     intx CICompilerCount                          = 4                                         {product} {ergonomic}
     uint ConcGCThreads                            = 2                                         {product} {ergonomic}
     uint G1ConcRefinementThreads                  = 8                                         {product} {ergonomic}
   size_t G1HeapRegionSize                         = 1048576                                   {product} {ergonomic}
    uintx GCDrainStackTargetSize                   = 64                                        {product} {ergonomic}
   size_t InitialHeapSize                          = 132120576                                 {product} {ergonomic}
   size_t MarkStackSize                            = 4194304                                   {product} {ergonomic}
   size_t MaxHeapSize                              = 2092957696                                {product} {ergonomic}
   size_t MinHeapDeltaBytes                        = 1048576                                   {product} {ergonomic}
    uintx NonNMethodCodeHeapSize                   = 5836300                                {pd product} {ergonomic}
    uintx NonProfiledCodeHeapSize                  = 122910970                              {pd product} {ergonomic}
    uintx ProfiledCodeHeapSize                     = 122910970                              {pd product} {ergonomic}
    uintx ReservedCodeCacheSize                    = 251658240                              {pd product} {ergonomic}
     bool SegmentedCodeCache                       = true                                      {product} {ergonomic}
     bool UseCompressedClassPointers               = true                                 {lp64_product} {ergonomic}
     bool UseCompressedOops                        = true                                 {lp64_product} {ergonomic}
     bool UseG1GC                                  = true                                      {product} {ergonomic}
     bool UseLargePagesIndividualAllocation        = false                                  {pd product} {ergonomic}

Logging:
Log output configuration:
 #0: stdout all=warning uptime,level,tags
 #1: stderr all=off uptime,level,tags

Environment Variables:
JAVA_HOME=C:\Program Files\Java\jdk-11.0.7
PATH=C:\Program Files (x86)\Microsoft SDKs\Azure\CLI2\wbin;C:\Program Files (x86)\Common Files\Oracle\Java\javapath;C:\Windows\system32;C:\Windows;C:\Windows\System32\Wbem;C:\Windows\System32\WindowsPowerShell\v1.0\;C:\Windows\System32\OpenSSH\;C:\Program Files\Git\cmd;C:\Program Files\nodejs\;C:\Program Files\Java\jdk-11.0.7\bin;C:\maven\bin;C:\Program Files\OpenSSL-Win64\bin;C:\Program Files\Geth;C:\Program Files\MySQL\MySQL Shell 8.0\bin\;C:\Users\erceg\AppData\Local\Microsoft\WindowsApps;C:\Users\erceg\AppData\Roaming\npm;C:\Users\erceg\AppData\Local\Programs\Microsoft VS Code\bin
USERNAME=erceg
OS=Windows_NT
PROCESSOR_IDENTIFIER=Intel64 Family 6 Model 142 Stepping 12, GenuineIntel



---------------  S Y S T E M  ---------------

OS: Windows 10 , 64 bit Build 18362 (10.0.18362.1110)

CPU:total 8 (initial active 8) (4 cores per cpu, 2 threads per core) family 6 model 142 stepping 12, cmov, cx8, fxsr, mmx, sse, sse2, sse3, ssse3, sse4.1, sse4.2, popcnt, avx, avx2, aes, clmul, erms, 3dnowpref, lzcnt, ht, tsc, tscinvbit, bmi1, bmi2, adx, fma

Memory: 4k page, system-wide physical 7976M (607M free)
TotalPageFile size 10976M (AvailPageFile size 45M)
current process WorkingSet (physical memory assigned to process): 9M, peak: 9M
current process commit charge ("private bytes"): 60M, peak: 186M

vm_info: Java HotSpot(TM) 64-Bit Server VM (11.0.7+8-LTS) for windows-amd64 JRE (11.0.7+8-LTS), built on Mar 12 2020 02:04:32 by "mach5one" with MS VC++ 15.5 (VS2017)

END.
